
Budget 6


Interdiction:
(8,29)
(24,29)
(27,29)



--- Solving Sub 0 ---

Set parameter TokenServer to value "license8.clemson.edu"
Set parameter NonConvex to value 2
Solved to optimality!

--- Solving Sub 1 ---

Set parameter NonConvex to value 2
Set parameter LogFile to value "LogFile_Sub1_B6_0.txt"

Reached Time limt!

MIP Gap 0.15942


Runtime: 7219.7 sec


UB0 = 0, UB1 = 240

(1,2)
(6,29)



--- Solving Sub 0 ---

Set parameter NonConvex to value 2
Solved to optimality!

--- Solving Sub 1 ---

Set parameter NonConvex to value 2
Set parameter LogFile to value "LogFile_Sub1_B6_1.txt"

Reached Time limt!

MIP Gap 0.251208


Runtime: 7218.41 sec


UB0 = 0, UB1 = 259

(11,12)
(19,29)



--- Solving Sub 0 ---

Set parameter NonConvex to value 2
Solved to optimality!

--- Solving Sub 1 ---

Set parameter NonConvex to value 2
Set parameter LogFile to value "LogFile_Sub1_B6_2.txt"

Reached Time limt!

MIP Gap 0.222222


Runtime: 7215.26 sec


UB0 = 0, UB1 = 253

(1,2)
(13,29)



--- Solving Sub 0 ---

Set parameter NonConvex to value 2
Solved to optimality!

--- Solving Sub 1 ---

Set parameter NonConvex to value 2
Set parameter LogFile to value "LogFile_Sub1_B6_3.txt"

Reached Time limt!

MIP Gap 0.246377


Runtime: 7215.71 sec


UB0 = 0, UB1 = 258

(1,2)
(16,29)



--- Solving Sub 0 ---

Set parameter NonConvex to value 2
Solved to optimality!

--- Solving Sub 1 ---

Set parameter NonConvex to value 2
Set parameter LogFile to value "LogFile_Sub1_B6_4.txt"

Reached Time limt!

MIP Gap 0.227053


Runtime: 7215.48 sec


UB0 = 0, UB1 = 254


Budget 8


Interdiction:
(1,2)
(14,29)
(17,29)



--- Solving Sub 0 ---

Set parameter NonConvex to value 2
Solved to optimality!

--- Solving Sub 1 ---

Set parameter NonConvex to value 2
Set parameter LogFile to value "LogFile_Sub1_B8_0.txt"

Reached Time limt!

MIP Gap 0.198068


Runtime: 7217.12 sec


UB0 = 0, UB1 = 248

(11,12)
(6,29)
(25,29)



--- Solving Sub 0 ---

Set parameter NonConvex to value 2
Solved to optimality!

--- Solving Sub 1 ---

Set parameter NonConvex to value 2
Set parameter LogFile to value "LogFile_Sub1_B8_1.txt"

Reached Time limt!

MIP Gap 0.164251


Runtime: 7218.65 sec


UB0 = 0, UB1 = 241

(20,21)
(7,29)
(18,29)



--- Solving Sub 0 ---

Set parameter NonConvex to value 2
Solved to optimality!

--- Solving Sub 1 ---

Set parameter NonConvex to value 2
Set parameter LogFile to value "LogFile_Sub1_B8_2.txt"

Reached Time limt!

MIP Gap 0.154589


Runtime: 7216.04 sec


UB0 = 0, UB1 = 239

(1,2)
(19,29)
(25,29)



--- Solving Sub 0 ---

Set parameter NonConvex to value 2
Solved to optimality!

--- Solving Sub 1 ---

Set parameter NonConvex to value 2
Set parameter LogFile to value "LogFile_Sub1_B8_3.txt"

Reached Time limt!

MIP Gap 0.178744


Runtime: 7220.59 sec


UB0 = 0, UB1 = 244

(11,12)
(14,29)
(25,29)



--- Solving Sub 0 ---

Set parameter NonConvex to value 2
Solved to optimality!

--- Solving Sub 1 ---

Set parameter NonConvex to value 2
Set parameter LogFile to value "LogFile_Sub1_B8_4.txt"

Reached Time limt!

MIP Gap 0.125604


Runtime: 7216.07 sec


UB0 = 0, UB1 = 233


Budget 10


Interdiction:
(0,1)
(14,29)



--- Solving Sub 0 ---

Set parameter NonConvex to value 2
Solved to optimality!

--- Solving Sub 1 ---

Set parameter NonConvex to value 2
Set parameter LogFile to value "LogFile_Sub1_B10_0.txt"
Solved to optimality!

Runtime: 0.78 sec


UB0 = 0, UB1 = 188

(0,20)
(17,29)



--- Solving Sub 0 ---

Set parameter NonConvex to value 2
Solved to optimality!

--- Solving Sub 1 ---

Set parameter NonConvex to value 2
Set parameter LogFile to value "LogFile_Sub1_B10_1.txt"
Solved to optimality!

Runtime: 0.06 sec


UB0 = 0, UB1 = 181

(11,12)
(5,29)
(9,29)
(25,29)



--- Solving Sub 0 ---

Set parameter NonConvex to value 2
Solved to optimality!

--- Solving Sub 1 ---

Set parameter NonConvex to value 2
Set parameter LogFile to value "LogFile_Sub1_B10_2.txt"

Reached Time limt!

MIP Gap 0.0869565


Runtime: 7218.28 sec


UB0 = 0, UB1 = 225

(1,2)
(11,12)
(24,29)



--- Solving Sub 0 ---

Set parameter NonConvex to value 2
Solved to optimality!

--- Solving Sub 1 ---

Set parameter NonConvex to value 2
Set parameter LogFile to value "LogFile_Sub1_B10_3.txt"

Reached Time limt!

MIP Gap 0.164251


Runtime: 7221.52 sec


UB0 = 0, UB1 = 241

(1,2)
(11,12)
(27,29)



--- Solving Sub 0 ---

Set parameter NonConvex to value 2
Solved to optimality!

--- Solving Sub 1 ---

Set parameter NonConvex to value 2
Set parameter LogFile to value "LogFile_Sub1_B10_4.txt"

Reached Time limt!

MIP Gap 0.193237


Runtime: 7218.98 sec


UB0 = 0, UB1 = 247

